<component name="libraryTable">
  <library name="junit-platform-commons-1.0.0-M4">
    <CLASSES>
      <root url="jar://$PROJECT_DIR$/junit-platform-commons-1.0.0-M4.jar!/" />
    </CLASSES>
    <JAVADOC />
    <SOURCES />
  </library>
</component>